16:02:12.647 INFO [GridLauncherV3.launch] - Selenium build info: version: '3.13.0', revision: '2f0d292'
16:02:12.650 INFO [GridLauncherV3$1.launch] - Launching a standalone Selenium Server on port 4444
2018-08-02 16:02:12.834:INFO::main: Logging initialized @520ms to org.seleniumhq.jetty9.util.log.StdErrLog
16:02:13.023 INFO [SeleniumServer.boot] - Selenium Server is up and running on port 4444
16:02:13.521 INFO [ActiveSessionFactory.apply] - Capabilities are: {
  "acceptSslCerts": true,
  "browserName": "firefox",
  "javascriptEnabled": true,
  "name": "Vtcad"
}
16:02:13.525 INFO [ActiveSessionFactory.lambda$apply$11] - Matched factory org.openqa.selenium.remote.server.ServicedSession$Factory (provider: org.openqa.selenium.firefox.GeckoDriverService)
1533196933572	geckodriver	INFO	geckodriver 0.21.0
1533196933586	geckodriver	INFO	Listening on 127.0.0.1:3171
1533196933794	mozrunner::runner	INFO	Running command: "/usr/bin/firefox" "-marionette" "-foreground" "-no-remote" "-profile" "/tmp/rust_mozprofile.boKX6RCLHZ00"
1533196935864	Marionette	INFO	Listening on port 40189
16:02:15.986 INFO [ProtocolHandshake.createSession] - Detected dialect: W3C
16:02:16.025 INFO [RemoteSession$Factory.lambda$performHandshake$0] - Started new session 3052fafc-ab7d-41f5-bd63-1ba2e65de696 (org.openqa.selenium.firefox.GeckoDriverService)

(/usr/lib/firefox/firefox:31925): dconf-WARNING **: 16:02:20.942: Unable to open /var/lib/snapd/desktop/dconf/profile/user: Permission denied
*** UTM:SVC TimerManager:registerTimer called after profile-before-change notification. Ignoring timer registration for id: telemetry_modules_ping
16:02:28.507 INFO [ActiveSessions$1.onStop] - Removing session 3052fafc-ab7d-41f5-bd63-1ba2e65de696 (org.openqa.selenium.firefox.GeckoDriverService)
